Compiling the C compiler identification source file "CMakeCCompilerId.c" failed.
Compiler:  
Build flags: 
Id flags: 

The output was:
69


Agreeing to the Xcode/iOS license requires admin privileges, please re-run as root via sudo.




Checking whether the C compiler is IAR using "" did not match "IAR .+ Compiler":
Compiling the CXX compiler identification source file "CMakeCXXCompilerId.cpp" failed.
Compiler:  
Build flags: 
Id flags: 

The output was:
69


Agreeing to the Xcode/iOS license requires admin privileges, please re-run as root via sudo.




Checking whether the CXX compiler is IAR using "" did not match "IAR .+ Compiler":
Compiling the C compiler identification source file "CMakeCCompilerId.c" failed.
Compiler:  
Build flags: 
Id flags: 

The output was:
69

You have not agreed to the Xcode license agreements, please run 'xcodebuild -license' (for user-level acceptance) or 'sudo xcodebuild -license' (for system-wide acceptance) from within a Terminal window to review and agree to the Xcode license agreements.


Checking whether the C compiler is IAR using "" did not match "IAR .+ Compiler":
Compiling the CXX compiler identification source file "CMakeCXXCompilerId.cpp" failed.
Compiler:  
Build flags: 
Id flags: 

The output was:
69

You have not agreed to the Xcode license agreements, please run 'xcodebuild -license' (for user-level acceptance) or 'sudo xcodebuild -license' (for system-wide acceptance) from within a Terminal window to review and agree to the Xcode license agreements.


Checking whether the CXX compiler is IAR using "" did not match "IAR .+ Compiler":
Compiling the C compiler identification source file "CMakeCCompilerId.c" failed.
Compiler:  
Build flags: 
Id flags: 

The output was:
69

You have not agreed to the Xcode license agreements, please run 'xcodebuild -license' (for user-level acceptance) or 'sudo xcodebuild -license' (for system-wide acceptance) from within a Terminal window to review and agree to the Xcode license agreements.


Checking whether the C compiler is IAR using "" did not match "IAR .+ Compiler":
Compiling the CXX compiler identification source file "CMakeCXXCompilerId.cpp" failed.
Compiler: /usr/bin/c++ 
Build flags: 
Id flags: 

The output was:
69

You have not agreed to the Xcode license agreements, please run 'xcodebuild -license' (for user-level acceptance) or 'sudo xcodebuild -license' (for system-wide acceptance) from within a Terminal window to review and agree to the Xcode license agreements.


Checking whether the CXX compiler is IAR using "" did not match "IAR .+ Compiler":

You have not agreed to the Xcode license agreements, please run 'xcodebuild -license' (for user-level acceptance) or 'sudo xcodebuild -license' (for system-wide acceptance) from within a Terminal window to review and agree to the Xcode license agreements.
Determining if the CXX compiler works failed with the following output:
Change Dir: /Users/sfszh/dev/Horde3D_SDK/CMakeFiles/CMakeTmp

Run Build Command:/Applications/CMake\ 2.8-12.app/Contents/bin/cmakexbuild -project CMAKE_TRY_COMPILE.xcodeproj build -target cmTryCompileExec3944741011 -configuration Debug

You have not agreed to the Xcode license agreements, please run 'xcodebuild -license' (for user-level acceptance) or 'sudo xcodebuild -license' (for system-wide acceptance) from within a Terminal window to review and agree to the Xcode license agreements.


