The system is: Darwin - 13.0.0 - i386
Compiling the C compiler identification source file "CMakeCCompilerId.c" succeeded.
Compiler:  
Build flags: 
Id flags: 

The output was:
0
=== BUILD TARGET CompilerIdC OF PROJECT CompilerIdC WITH THE DEFAULT CONFIGURATION (Debug) ===

Check dependencies

CompileC ./CompilerIdC.build/Debug/CompilerIdC.build/Objects-normal/i386/CMakeCCompilerId.o CMakeCCompilerId.c normal i386 c com.apple.compilers.llvm.clang.1_0.compiler
    cd /Users/sfszh/dev/Horde3D_SDK/CMakeFiles/2.8.12.1/CompilerIdC
    setenv LANG en_US.US-ASCII
    /Applications/Xcode.app/Contents/Developer/Toolchains/XcodeDefault.xctoolchain/usr/bin/clang -x c -arch i386 -fmessage-length=0 -fdiagnostics-show-note-include-stack -fmacro-backtrace-limit=0 -Wno-trigraphs -fpascal-strings -Os -Wno-missing-field-initializers -Wno-missing-prototypes -Wno-return-type -Wno-missing-braces -Wparentheses -Wswitch -Wno-unused-function -Wno-unused-label -Wno-unused-parameter -Wno-unused-variable -Wunused-value -Wno-empty-body -Wno-uninitialized -Wno-unknown-pragmas -Wno-shadow -Wno-four-char-constants -Wno-conversion -Wno-constant-conversion -Wno-int-conversion -Wno-bool-conversion -Wno-enum-conversion -Wno-shorten-64-to-32 -Wpointer-sign -Wno-newline-eof -isysroot /Applications/Xcode.app/Contents/Developer/Platforms/MacOSX.platform/Developer/SDKs/MacOSX10.9.sdk -fasm-blocks -fstrict-aliasing -Wdeprecated-declarations -mmacosx-version-min=10.9 -g -fvisibility=hidden -Wno-sign-conversion -I/Users/sfszh/dev/Horde3D_SDK/CMakeFiles/2.8.12.1/CompilerIdC/./CompilerIdC.build/Debug/CompilerIdC.build/CompilerIdC.hmap -I/Users/sfszh/dev/Horde3D_SDK/CMakeFiles/2.8.12.1/CompilerIdC/include -I/Applications/Xcode.app/Contents/Developer/Toolchains/XcodeDefault.xctoolchain/usr/include -I/Users/sfszh/dev/Horde3D_SDK/CMakeFiles/2.8.12.1/CompilerIdC/./CompilerIdC.build/Debug/CompilerIdC.build/DerivedSources/i386 -I/Users/sfszh/dev/Horde3D_SDK/CMakeFiles/2.8.12.1/CompilerIdC/./CompilerIdC.build/Debug/CompilerIdC.build/DerivedSources -F/Users/sfszh/dev/Horde3D_SDK/CMakeFiles/2.8.12.1/CompilerIdC -MMD -MT dependencies -MF /Users/sfszh/dev/Horde3D_SDK/CMakeFiles/2.8.12.1/CompilerIdC/./CompilerIdC.build/Debug/CompilerIdC.build/Objects-normal/i386/CMakeCCompilerId.d --serialize-diagnostics /Users/sfszh/dev/Horde3D_SDK/CMakeFiles/2.8.12.1/CompilerIdC/./CompilerIdC.build/Debug/CompilerIdC.build/Objects-normal/i386/CMakeCCompilerId.dia -c /Users/sfszh/dev/Horde3D_SDK/CMakeFiles/2.8.12.1/CompilerIdC/CMakeCCompilerId.c -o /Users/sfszh/dev/Horde3D_SDK/CMakeFiles/2.8.12.1/CompilerIdC/CompilerIdC.build/Debug/CompilerIdC.build/Objects-normal/i386/CMakeCCompilerId.o

Ld ./CompilerIdC normal i386
    cd /Users/sfszh/dev/Horde3D_SDK/CMakeFiles/2.8.12.1/CompilerIdC
    setenv MACOSX_DEPLOYMENT_TARGET 10.9
    /Applications/Xcode.app/Contents/Developer/Toolchains/XcodeDefault.xctoolchain/usr/bin/clang -arch i386 -isysroot /Applications/Xcode.app/Contents/Developer/Platforms/MacOSX.platform/Developer/SDKs/MacOSX10.9.sdk -L/Users/sfszh/dev/Horde3D_SDK/CMakeFiles/2.8.12.1/CompilerIdC -F/Users/sfszh/dev/Horde3D_SDK/CMakeFiles/2.8.12.1/CompilerIdC -filelist /Users/sfszh/dev/Horde3D_SDK/CMakeFiles/2.8.12.1/CompilerIdC/./CompilerIdC.build/Debug/CompilerIdC.build/Objects-normal/i386/CompilerIdC.LinkFileList -mmacosx-version-min=10.9 -Xlinker -dependency_info -Xlinker /Users/sfszh/dev/Horde3D_SDK/CMakeFiles/2.8.12.1/CompilerIdC/./CompilerIdC.build/Debug/CompilerIdC.build/Objects-normal/i386/CompilerIdC_dependency_info.dat -o /Users/sfszh/dev/Horde3D_SDK/CMakeFiles/2.8.12.1/CompilerIdC/./CompilerIdC

PhaseScriptExecution Run\ Script ./CompilerIdC.build/Debug/CompilerIdC.build/Script-2C8FEB8E15DC1A1A00E56A5D.sh
    cd /Users/sfszh/dev/Horde3D_SDK/CMakeFiles/2.8.12.1/CompilerIdC
    /bin/sh -c /Users/sfszh/dev/Horde3D_SDK/CMakeFiles/2.8.12.1/CompilerIdC/./CompilerIdC.build/Debug/CompilerIdC.build/Script-2C8FEB8E15DC1A1A00E56A5D.sh
GCC_VERSION=com.apple.compilers.llvm.clang.1_0

** BUILD SUCCEEDED **



Compilation of the C compiler identification source "CMakeCCompilerId.c" produced "CompilerIdC"

The C compiler identification is Clang, found in "/Users/sfszh/dev/Horde3D_SDK/CMakeFiles/2.8.12.1/CompilerIdC/CompilerIdC"

Compiling the CXX compiler identification source file "CMakeCXXCompilerId.cpp" succeeded.
Compiler: /usr/bin/c++ 
Build flags: 
Id flags: 

The output was:
0
=== BUILD TARGET CompilerIdCXX OF PROJECT CompilerIdCXX WITH THE DEFAULT CONFIGURATION (Debug) ===

Check dependencies

CompileC ./CompilerIdCXX.build/Debug/CompilerIdCXX.build/Objects-normal/i386/CMakeCXXCompilerId.o CMakeCXXCompilerId.cpp normal i386 c++ com.apple.compilers.llvm.clang.1_0.compiler
    cd /Users/sfszh/dev/Horde3D_SDK/CMakeFiles/2.8.12.1/CompilerIdCXX
    setenv LANG en_US.US-ASCII
    /Applications/Xcode.app/Contents/Developer/Toolchains/XcodeDefault.xctoolchain/usr/bin/clang -x c++ -arch i386 -fmessage-length=0 -fdiagnostics-show-note-include-stack -fmacro-backtrace-limit=0 -Wno-trigraphs -fpascal-strings -Os -Wno-missing-field-initializers -Wno-missing-prototypes -Wno-return-type -Wno-non-virtual-dtor -Wno-overloaded-virtual -Wno-exit-time-destructors -Wno-missing-braces -Wparentheses -Wswitch -Wno-unused-function -Wno-unused-label -Wno-unused-parameter -Wno-unused-variable -Wunused-value -Wno-empty-body -Wno-uninitialized -Wno-unknown-pragmas -Wno-shadow -Wno-four-char-constants -Wno-conversion -Wno-constant-conversion -Wno-int-conversion -Wno-bool-conversion -Wno-enum-conversion -Wno-shorten-64-to-32 -Wno-newline-eof -Wno-c++11-extensions -isysroot /Applications/Xcode.app/Contents/Developer/Platforms/MacOSX.platform/Developer/SDKs/MacOSX10.9.sdk -fasm-blocks -fstrict-aliasing -Wdeprecated-declarations -Winvalid-offsetof -mmacosx-version-min=10.9 -g -fvisibility=hidden -fvisibility-inlines-hidden -Wno-sign-conversion -I/Users/sfszh/dev/Horde3D_SDK/CMakeFiles/2.8.12.1/CompilerIdCXX/./CompilerIdCXX.build/Debug/CompilerIdCXX.build/CompilerIdCXX.hmap -I/Users/sfszh/dev/Horde3D_SDK/CMakeFiles/2.8.12.1/CompilerIdCXX/include -I/Applications/Xcode.app/Contents/Developer/Toolchains/XcodeDefault.xctoolchain/usr/include -I/Users/sfszh/dev/Horde3D_SDK/CMakeFiles/2.8.12.1/CompilerIdCXX/./CompilerIdCXX.build/Debug/CompilerIdCXX.build/DerivedSources/i386 -I/Users/sfszh/dev/Horde3D_SDK/CMakeFiles/2.8.12.1/CompilerIdCXX/./CompilerIdCXX.build/Debug/CompilerIdCXX.build/DerivedSources -F/Users/sfszh/dev/Horde3D_SDK/CMakeFiles/2.8.12.1/CompilerIdCXX -MMD -MT dependencies -MF /Users/sfszh/dev/Horde3D_SDK/CMakeFiles/2.8.12.1/CompilerIdCXX/./CompilerIdCXX.build/Debug/CompilerIdCXX.build/Objects-normal/i386/CMakeCXXCompilerId.d --serialize-diagnostics /Users/sfszh/dev/Horde3D_SDK/CMakeFiles/2.8.12.1/CompilerIdCXX/./CompilerIdCXX.build/Debug/CompilerIdCXX.build/Objects-normal/i386/CMakeCXXCompilerId.dia -c /Users/sfszh/dev/Horde3D_SDK/CMakeFiles/2.8.12.1/CompilerIdCXX/CMakeCXXCompilerId.cpp -o /Users/sfszh/dev/Horde3D_SDK/CMakeFiles/2.8.12.1/CompilerIdCXX/CompilerIdCXX.build/Debug/CompilerIdCXX.build/Objects-normal/i386/CMakeCXXCompilerId.o

Ld ./CompilerIdCXX normal i386
    cd /Users/sfszh/dev/Horde3D_SDK/CMakeFiles/2.8.12.1/CompilerIdCXX
    setenv MACOSX_DEPLOYMENT_TARGET 10.9
    /Applications/Xcode.app/Contents/Developer/Toolchains/XcodeDefault.xctoolchain/usr/bin/clang++ -arch i386 -isysroot /Applications/Xcode.app/Contents/Developer/Platforms/MacOSX.platform/Developer/SDKs/MacOSX10.9.sdk -L/Users/sfszh/dev/Horde3D_SDK/CMakeFiles/2.8.12.1/CompilerIdCXX -F/Users/sfszh/dev/Horde3D_SDK/CMakeFiles/2.8.12.1/CompilerIdCXX -filelist /Users/sfszh/dev/Horde3D_SDK/CMakeFiles/2.8.12.1/CompilerIdCXX/./CompilerIdCXX.build/Debug/CompilerIdCXX.build/Objects-normal/i386/CompilerIdCXX.LinkFileList -mmacosx-version-min=10.9 -Xlinker -dependency_info -Xlinker /Users/sfszh/dev/Horde3D_SDK/CMakeFiles/2.8.12.1/CompilerIdCXX/./CompilerIdCXX.build/Debug/CompilerIdCXX.build/Objects-normal/i386/CompilerIdCXX_dependency_info.dat -o /Users/sfszh/dev/Horde3D_SDK/CMakeFiles/2.8.12.1/CompilerIdCXX/./CompilerIdCXX

PhaseScriptExecution Run\ Script ./CompilerIdCXX.build/Debug/CompilerIdCXX.build/Script-2C8FEB8E15DC1A1A00E56A5D.sh
    cd /Users/sfszh/dev/Horde3D_SDK/CMakeFiles/2.8.12.1/CompilerIdCXX
    /bin/sh -c /Users/sfszh/dev/Horde3D_SDK/CMakeFiles/2.8.12.1/CompilerIdCXX/./CompilerIdCXX.build/Debug/CompilerIdCXX.build/Script-2C8FEB8E15DC1A1A00E56A5D.sh
GCC_VERSION=com.apple.compilers.llvm.clang.1_0

** BUILD SUCCEEDED **



Compilation of the CXX compiler identification source "CMakeCXXCompilerId.cpp" produced "CompilerIdCXX"

The CXX compiler identification is Clang, found in "/Users/sfszh/dev/Horde3D_SDK/CMakeFiles/2.8.12.1/CompilerIdCXX/CompilerIdCXX"

Determining if the C compiler works passed with the following output:
Change Dir: /Users/sfszh/dev/Horde3D_SDK/CMakeFiles/CMakeTmp

Run Build Command:/Applications/CMake\ 2.8-12.app/Contents/bin/cmakexbuild -project CMAKE_TRY_COMPILE.xcodeproj build -target cmTryCompileExec2607796726 -configuration Debug
=== BUILD TARGET cmTryCompileExec2607796726 OF PROJECT CMAKE_TRY_COMPILE WITH CONFIGURATION Debug ===

Check dependencies

CompileC CMAKE_TRY_COMPILE.build/Debug/cmTryCompileExec2607796726.build/Objects-normal/x86_64/testCCompiler.o testCCompiler.c normal x86_64 c com.apple.compilers.llvm.clang.1_0.compiler
    cd /Users/sfszh/dev/Horde3D_SDK/CMakeFiles/CMakeTmp
    /Applications/Xcode.app/Contents/Developer/Toolchains/XcodeDefault.xctoolchain/usr/bin/clang -x c -arch x86_64 -fmessage-length=0 -fdiagnostics-show-note-include-stack -fmacro-backtrace-limit=0 -Wno-trigraphs -fpascal-strings -O0 -Wno-missing-field-initializers -Wno-missing-prototypes -Wno-return-type -Wno-missing-braces -Wparentheses -Wswitch -Wno-unused-function -Wno-unused-label -Wno-unused-parameter -Wno-unused-variable -Wunused-value -Wno-empty-body -Wno-uninitialized -Wno-unknown-pragmas -Wno-shadow -Wno-four-char-constants -Wno-conversion -Wno-constant-conversion -Wno-int-conversion -Wno-bool-conversion -Wno-enum-conversion -Wno-shorten-64-to-32 -Wpointer-sign -Wno-newline-eof -DCMAKE_INTDIR=\"Debug\" -isysroot /Applications/Xcode.app/Contents/Developer/Platforms/MacOSX.platform/Developer/SDKs/MacOSX10.9.sdk -fasm-blocks -fstrict-aliasing -Wdeprecated-declarations -mmacosx-version-min=10.9 -g -Wno-sign-conversion -I/Users/sfszh/dev/Horde3D_SDK/CMakeFiles/CMakeTmp/Debug/include -I/Applications/Xcode.app/Contents/Developer/Toolchains/XcodeDefault.xctoolchain/usr/include -I/Users/sfszh/dev/Horde3D_SDK/CMakeFiles/CMakeTmp/CMAKE_TRY_COMPILE.build/Debug/cmTryCompileExec2607796726.build/DerivedSources/x86_64 -I/Users/sfszh/dev/Horde3D_SDK/CMakeFiles/CMakeTmp/CMAKE_TRY_COMPILE.build/Debug/cmTryCompileExec2607796726.build/DerivedSources -Wmost -Wno-four-char-constants -Wno-unknown-pragmas -F/Users/sfszh/dev/Horde3D_SDK/CMakeFiles/CMakeTmp/Debug -MMD -MT dependencies -MF /Users/sfszh/dev/Horde3D_SDK/CMakeFiles/CMakeTmp/CMAKE_TRY_COMPILE.build/Debug/cmTryCompileExec2607796726.build/Objects-normal/x86_64/testCCompiler.d --serialize-diagnostics /Users/sfszh/dev/Horde3D_SDK/CMakeFiles/CMakeTmp/CMAKE_TRY_COMPILE.build/Debug/cmTryCompileExec2607796726.build/Objects-normal/x86_64/testCCompiler.dia -c /Users/sfszh/dev/Horde3D_SDK/CMakeFiles/CMakeTmp/testCCompiler.c -o /Users/sfszh/dev/Horde3D_SDK/CMakeFiles/CMakeTmp/CMAKE_TRY_COMPILE.build/Debug/cmTryCompileExec2607796726.build/Objects-normal/x86_64/testCCompiler.o

Ld Debug/cmTryCompileExec2607796726 normal x86_64
    cd /Users/sfszh/dev/Horde3D_SDK/CMakeFiles/CMakeTmp
    /Applications/Xcode.app/Contents/Developer/Toolchains/XcodeDefault.xctoolchain/usr/bin/clang -arch x86_64 -isysroot /Applications/Xcode.app/Contents/Developer/Platforms/MacOSX.platform/Developer/SDKs/MacOSX10.9.sdk -L/Users/sfszh/dev/Horde3D_SDK/CMakeFiles/CMakeTmp/Debug -F/Users/sfszh/dev/Horde3D_SDK/CMakeFiles/CMakeTmp/Debug -filelist /Users/sfszh/dev/Horde3D_SDK/CMakeFiles/CMakeTmp/CMAKE_TRY_COMPILE.build/Debug/cmTryCompileExec2607796726.build/Objects-normal/x86_64/cmTryCompileExec2607796726.LinkFileList -mmacosx-version-min=10.9 -Wl,-search_paths_first -Wl,-headerpad_max_install_names -Xlinker -dependency_info -Xlinker /Users/sfszh/dev/Horde3D_SDK/CMakeFiles/CMakeTmp/CMAKE_TRY_COMPILE.build/Debug/cmTryCompileExec2607796726.build/Objects-normal/x86_64/cmTryCompileExec2607796726_dependency_info.dat -o /Users/sfszh/dev/Horde3D_SDK/CMakeFiles/CMakeTmp/Debug/cmTryCompileExec2607796726

** BUILD SUCCEEDED **



Detecting C compiler ABI info compiled with the following output:
Change Dir: /Users/sfszh/dev/Horde3D_SDK/CMakeFiles/CMakeTmp

Run Build Command:/Applications/CMake\ 2.8-12.app/Contents/bin/cmakexbuild -project CMAKE_TRY_COMPILE.xcodeproj build -target cmTryCompileExec2275795560 -configuration Debug
=== BUILD TARGET cmTryCompileExec2275795560 OF PROJECT CMAKE_TRY_COMPILE WITH CONFIGURATION Debug ===

Check dependencies

CompileC CMAKE_TRY_COMPILE.build/Debug/cmTryCompileExec2275795560.build/Objects-normal/x86_64/CMakeCCompilerABI.o /Applications/CMake\ 2.8-12.app/Contents/share/cmake-2.8/Modules/CMakeCCompilerABI.c normal x86_64 c com.apple.compilers.llvm.clang.1_0.compiler
    cd /Users/sfszh/dev/Horde3D_SDK/CMakeFiles/CMakeTmp
    /Applications/Xcode.app/Contents/Developer/Toolchains/XcodeDefault.xctoolchain/usr/bin/clang -x c -arch x86_64 -fmessage-length=0 -fdiagnostics-show-note-include-stack -fmacro-backtrace-limit=0 -Wno-trigraphs -fpascal-strings -O0 -Wno-missing-field-initializers -Wno-missing-prototypes -Wno-return-type -Wno-missing-braces -Wparentheses -Wswitch -Wno-unused-function -Wno-unused-label -Wno-unused-parameter -Wno-unused-variable -Wunused-value -Wno-empty-body -Wno-uninitialized -Wno-unknown-pragmas -Wno-shadow -Wno-four-char-constants -Wno-conversion -Wno-constant-conversion -Wno-int-conversion -Wno-bool-conversion -Wno-enum-conversion -Wno-shorten-64-to-32 -Wpointer-sign -Wno-newline-eof -DCMAKE_INTDIR=\"Debug\" -isysroot /Applications/Xcode.app/Contents/Developer/Platforms/MacOSX.platform/Developer/SDKs/MacOSX10.9.sdk -fasm-blocks -fstrict-aliasing -Wdeprecated-declarations -mmacosx-version-min=10.9 -g -Wno-sign-conversion -I/Users/sfszh/dev/Horde3D_SDK/CMakeFiles/CMakeTmp/Debug/include -I/Applications/Xcode.app/Contents/Developer/Toolchains/XcodeDefault.xctoolchain/usr/include -I/Users/sfszh/dev/Horde3D_SDK/CMakeFiles/CMakeTmp/CMAKE_TRY_COMPILE.build/Debug/cmTryCompileExec2275795560.build/DerivedSources/x86_64 -I/Users/sfszh/dev/Horde3D_SDK/CMakeFiles/CMakeTmp/CMAKE_TRY_COMPILE.build/Debug/cmTryCompileExec2275795560.build/DerivedSources -Wmost -Wno-four-char-constants -Wno-unknown-pragmas -F/Users/sfszh/dev/Horde3D_SDK/CMakeFiles/CMakeTmp/Debug -MMD -MT dependencies -MF /Users/sfszh/dev/Horde3D_SDK/CMakeFiles/CMakeTmp/CMAKE_TRY_COMPILE.build/Debug/cmTryCompileExec2275795560.build/Objects-normal/x86_64/CMakeCCompilerABI.d --serialize-diagnostics /Users/sfszh/dev/Horde3D_SDK/CMakeFiles/CMakeTmp/CMAKE_TRY_COMPILE.build/Debug/cmTryCompileExec2275795560.build/Objects-normal/x86_64/CMakeCCompilerABI.dia -c /Applications/CMake\ 2.8-12.app/Contents/share/cmake-2.8/Modules/CMakeCCompilerABI.c -o /Users/sfszh/dev/Horde3D_SDK/CMakeFiles/CMakeTmp/CMAKE_TRY_COMPILE.build/Debug/cmTryCompileExec2275795560.build/Objects-normal/x86_64/CMakeCCompilerABI.o

Ld Debug/cmTryCompileExec2275795560 normal x86_64
    cd /Users/sfszh/dev/Horde3D_SDK/CMakeFiles/CMakeTmp
    /Applications/Xcode.app/Contents/Developer/Toolchains/XcodeDefault.xctoolchain/usr/bin/clang -arch x86_64 -isysroot /Applications/Xcode.app/Contents/Developer/Platforms/MacOSX.platform/Developer/SDKs/MacOSX10.9.sdk -L/Users/sfszh/dev/Horde3D_SDK/CMakeFiles/CMakeTmp/Debug -F/Users/sfszh/dev/Horde3D_SDK/CMakeFiles/CMakeTmp/Debug -filelist /Users/sfszh/dev/Horde3D_SDK/CMakeFiles/CMakeTmp/CMAKE_TRY_COMPILE.build/Debug/cmTryCompileExec2275795560.build/Objects-normal/x86_64/cmTryCompileExec2275795560.LinkFileList -mmacosx-version-min=10.9 -v -Wl,-v -Wl,-search_paths_first -Wl,-headerpad_max_install_names -Xlinker -dependency_info -Xlinker /Users/sfszh/dev/Horde3D_SDK/CMakeFiles/CMakeTmp/CMAKE_TRY_COMPILE.build/Debug/cmTryCompileExec2275795560.build/Objects-normal/x86_64/cmTryCompileExec2275795560_dependency_info.dat -o /Users/sfszh/dev/Horde3D_SDK/CMakeFiles/CMakeTmp/Debug/cmTryCompileExec2275795560
Apple LLVM version 5.0 (clang-500.2.79) (based on LLVM 3.3svn)
Target: x86_64-apple-darwin13.0.0
Thread model: posix
 "/Applications/Xcode.app/Contents/Developer/Toolchains/XcodeDefault.xctoolchain/usr/bin/ld" -demangle -dynamic -arch x86_64 -macosx_version_min 10.9.0 -syslibroot /Applications/Xcode.app/Contents/Developer/Platforms/MacOSX.platform/Developer/SDKs/MacOSX10.9.sdk -o /Users/sfszh/dev/Horde3D_SDK/CMakeFiles/CMakeTmp/Debug/cmTryCompileExec2275795560 -L/Users/sfszh/dev/Horde3D_SDK/CMakeFiles/CMakeTmp/Debug -filelist /Users/sfszh/dev/Horde3D_SDK/CMakeFiles/CMakeTmp/CMAKE_TRY_COMPILE.build/Debug/cmTryCompileExec2275795560.build/Objects-normal/x86_64/cmTryCompileExec2275795560.LinkFileList -v -search_paths_first -headerpad_max_install_names -dependency_info /Users/sfszh/dev/Horde3D_SDK/CMakeFiles/CMakeTmp/CMAKE_TRY_COMPILE.build/Debug/cmTryCompileExec2275795560.build/Objects-normal/x86_64/cmTryCompileExec2275795560_dependency_info.dat -lSystem /Applications/Xcode.app/Contents/Developer/Toolchains/XcodeDefault.xctoolchain/usr/bin/../lib/clang/5.0/lib/darwin/libclang_rt.osx.a -F/Users/sfszh/dev/Horde3D_SDK/CMakeFiles/CMakeTmp/Debug
@(#)PROGRAM:ld  PROJECT:ld64-224.1
configured to support archs: armv6 armv7 armv7s arm64 i386 x86_64 armv6m armv7m armv7em
Library search paths:
	/Users/sfszh/dev/Horde3D_SDK/CMakeFiles/CMakeTmp/Debug
	/Applications/Xcode.app/Contents/Developer/Platforms/MacOSX.platform/Developer/SDKs/MacOSX10.9.sdk/usr/lib
Framework search paths:
	/Users/sfszh/dev/Horde3D_SDK/CMakeFiles/CMakeTmp/Debug
	/Applications/Xcode.app/Contents/Developer/Platforms/MacOSX.platform/Developer/SDKs/MacOSX10.9.sdk/System/Library/Frameworks/

** BUILD SUCCEEDED **



Parsed C implicit link information from above output:
  link line regex: [^( *|.*[/\])(ld|([^/\]+-)?ld|collect2)[^/\]*( |$)]
  ignore line: [Change Dir: /Users/sfszh/dev/Horde3D_SDK/CMakeFiles/CMakeTmp]
  ignore line: []
  ignore line: [Run Build Command:/Applications/CMake\ 2.8-12.app/Contents/bin/cmakexbuild -project CMAKE_TRY_COMPILE.xcodeproj build -target cmTryCompileExec2275795560 -configuration Debug]
  ignore line: [=== BUILD TARGET cmTryCompileExec2275795560 OF PROJECT CMAKE_TRY_COMPILE WITH CONFIGURATION Debug ===]
  ignore line: []
  ignore line: [Check dependencies]
  ignore line: []
  ignore line: [CompileC CMAKE_TRY_COMPILE.build/Debug/cmTryCompileExec2275795560.build/Objects-normal/x86_64/CMakeCCompilerABI.o /Applications/CMake\ 2.8-12.app/Contents/share/cmake-2.8/Modules/CMakeCCompilerABI.c normal x86_64 c com.apple.compilers.llvm.clang.1_0.compiler]
  ignore line: [    cd /Users/sfszh/dev/Horde3D_SDK/CMakeFiles/CMakeTmp]
  ignore line: [    /Applications/Xcode.app/Contents/Developer/Toolchains/XcodeDefault.xctoolchain/usr/bin/clang -x c -arch x86_64 -fmessage-length=0 -fdiagnostics-show-note-include-stack -fmacro-backtrace-limit=0 -Wno-trigraphs -fpascal-strings -O0 -Wno-missing-field-initializers -Wno-missing-prototypes -Wno-return-type -Wno-missing-braces -Wparentheses -Wswitch -Wno-unused-function -Wno-unused-label -Wno-unused-parameter -Wno-unused-variable -Wunused-value -Wno-empty-body -Wno-uninitialized -Wno-unknown-pragmas -Wno-shadow -Wno-four-char-constants -Wno-conversion -Wno-constant-conversion -Wno-int-conversion -Wno-bool-conversion -Wno-enum-conversion -Wno-shorten-64-to-32 -Wpointer-sign -Wno-newline-eof -DCMAKE_INTDIR=\"Debug\" -isysroot /Applications/Xcode.app/Contents/Developer/Platforms/MacOSX.platform/Developer/SDKs/MacOSX10.9.sdk -fasm-blocks -fstrict-aliasing -Wdeprecated-declarations -mmacosx-version-min=10.9 -g -Wno-sign-conversion -I/Users/sfszh/dev/Horde3D_SDK/CMakeFiles/CMakeTmp/Debug/include -I/Applications/Xcode.app/Contents/Developer/Toolchains/XcodeDefault.xctoolchain/usr/include -I/Users/sfszh/dev/Horde3D_SDK/CMakeFiles/CMakeTmp/CMAKE_TRY_COMPILE.build/Debug/cmTryCompileExec2275795560.build/DerivedSources/x86_64 -I/Users/sfszh/dev/Horde3D_SDK/CMakeFiles/CMakeTmp/CMAKE_TRY_COMPILE.build/Debug/cmTryCompileExec2275795560.build/DerivedSources -Wmost -Wno-four-char-constants -Wno-unknown-pragmas -F/Users/sfszh/dev/Horde3D_SDK/CMakeFiles/CMakeTmp/Debug -MMD -MT dependencies -MF /Users/sfszh/dev/Horde3D_SDK/CMakeFiles/CMakeTmp/CMAKE_TRY_COMPILE.build/Debug/cmTryCompileExec2275795560.build/Objects-normal/x86_64/CMakeCCompilerABI.d --serialize-diagnostics /Users/sfszh/dev/Horde3D_SDK/CMakeFiles/CMakeTmp/CMAKE_TRY_COMPILE.build/Debug/cmTryCompileExec2275795560.build/Objects-normal/x86_64/CMakeCCompilerABI.dia -c /Applications/CMake\ 2.8-12.app/Contents/share/cmake-2.8/Modules/CMakeCCompilerABI.c -o /Users/sfszh/dev/Horde3D_SDK/CMakeFiles/CMakeTmp/CMAKE_TRY_COMPILE.build/Debug/cmTryCompileExec2275795560.build/Objects-normal/x86_64/CMakeCCompilerABI.o]
  ignore line: []
  ignore line: [Ld Debug/cmTryCompileExec2275795560 normal x86_64]
  ignore line: [    cd /Users/sfszh/dev/Horde3D_SDK/CMakeFiles/CMakeTmp]
  ignore line: [    /Applications/Xcode.app/Contents/Developer/Toolchains/XcodeDefault.xctoolchain/usr/bin/clang -arch x86_64 -isysroot /Applications/Xcode.app/Contents/Developer/Platforms/MacOSX.platform/Developer/SDKs/MacOSX10.9.sdk -L/Users/sfszh/dev/Horde3D_SDK/CMakeFiles/CMakeTmp/Debug -F/Users/sfszh/dev/Horde3D_SDK/CMakeFiles/CMakeTmp/Debug -filelist /Users/sfszh/dev/Horde3D_SDK/CMakeFiles/CMakeTmp/CMAKE_TRY_COMPILE.build/Debug/cmTryCompileExec2275795560.build/Objects-normal/x86_64/cmTryCompileExec2275795560.LinkFileList -mmacosx-version-min=10.9 -v -Wl,-v -Wl,-search_paths_first -Wl,-headerpad_max_install_names -Xlinker -dependency_info -Xlinker /Users/sfszh/dev/Horde3D_SDK/CMakeFiles/CMakeTmp/CMAKE_TRY_COMPILE.build/Debug/cmTryCompileExec2275795560.build/Objects-normal/x86_64/cmTryCompileExec2275795560_dependency_info.dat -o /Users/sfszh/dev/Horde3D_SDK/CMakeFiles/CMakeTmp/Debug/cmTryCompileExec2275795560]
  ignore line: [Apple LLVM version 5.0 (clang-500.2.79) (based on LLVM 3.3svn)]
  ignore line: [Target: x86_64-apple-darwin13.0.0]
  ignore line: [Thread model: posix]
  reduced line: [ "/Applications/Xcode.app/Contents/Developer/Toolchains/XcodeDefault.xctoolchain/usr/bin/ld" -demangle -dynamic -arch x86_64 -macosx_version_min 10.9.0 -syslibroot /Applications/Xcode.app/Contents/Developer/Platforms/MacOSX.platform/Developer/SDKs/MacOSX10.9.sdk -o /Users/sfszh/dev/Horde3D_SDK/CMakeFiles/CMakeTmp/Debug/cmTryCompileExec2275795560 -L/Users/sfszh/dev/Horde3D_SDK/CMakeFiles/CMakeTmp/Debug -filelist /Users/sfszh/dev/Horde3D_SDK/CMakeFiles/CMakeTmp/CMAKE_TRY_COMPILE.build/Debug/cmTryCompileExec2275795560.build/Objects-normal/x86_64/cmTryCompileExec2275795560.LinkFileList -v -search_paths_first -headerpad_max_install_names -dependency_info /Users/sfszh/dev/Horde3D_SDK/CMakeFiles/CMakeTmp/CMAKE_TRY_COMPILE.build/Debug/cmTryCompileExec2275795560.build/Objects-normal/x86_64/cmTryCompileExec2275795560_dependency_info.dat -lSystem /Applications/Xcode.app/Contents/Developer/Toolchains/XcodeDefault.xctoolchain/usr/bin/../lib/clang/5.0/lib/darwin/libclang_rt.osx.a -F/Users/sfszh/dev/Horde3D_SDK/CMakeFiles/CMakeTmp/Debug]
            to: [ "/Applications/Xcode.app/Contents/Developer/Toolchains/XcodeDefault.xctoolchain/usr/bin/ld" -demangle -dynamic -arch x86_64 -macosx_version_min 10.9.0 -syslibroot /Applications/Xcode.app/Contents/Developer/Platforms/MacOSX.platform/Developer/SDKs/MacOSX10.9.sdk -o /Users/sfszh/dev/Horde3D_SDK/CMakeFiles/CMakeTmp/Debug/cmTryCompileExec2275795560 -filelist /Users/sfszh/dev/Horde3D_SDK/CMakeFiles/CMakeTmp/CMAKE_TRY_COMPILE.build/Debug/cmTryCompileExec2275795560.build/Objects-normal/x86_64/cmTryCompileExec2275795560.LinkFileList -v -search_paths_first -headerpad_max_install_names -dependency_info /Users/sfszh/dev/Horde3D_SDK/CMakeFiles/CMakeTmp/CMAKE_TRY_COMPILE.build/Debug/cmTryCompileExec2275795560.build/Objects-normal/x86_64/cmTryCompileExec2275795560_dependency_info.dat -lSystem /Applications/Xcode.app/Contents/Developer/Toolchains/XcodeDefault.xctoolchain/usr/bin/../lib/clang/5.0/lib/darwin/libclang_rt.osx.a ]
  link line: [ "/Applications/Xcode.app/Contents/Developer/Toolchains/XcodeDefault.xctoolchain/usr/bin/ld" -demangle -dynamic -arch x86_64 -macosx_version_min 10.9.0 -syslibroot /Applications/Xcode.app/Contents/Developer/Platforms/MacOSX.platform/Developer/SDKs/MacOSX10.9.sdk -o /Users/sfszh/dev/Horde3D_SDK/CMakeFiles/CMakeTmp/Debug/cmTryCompileExec2275795560 -filelist /Users/sfszh/dev/Horde3D_SDK/CMakeFiles/CMakeTmp/CMAKE_TRY_COMPILE.build/Debug/cmTryCompileExec2275795560.build/Objects-normal/x86_64/cmTryCompileExec2275795560.LinkFileList -v -search_paths_first -headerpad_max_install_names -dependency_info /Users/sfszh/dev/Horde3D_SDK/CMakeFiles/CMakeTmp/CMAKE_TRY_COMPILE.build/Debug/cmTryCompileExec2275795560.build/Objects-normal/x86_64/cmTryCompileExec2275795560_dependency_info.dat -lSystem /Applications/Xcode.app/Contents/Developer/Toolchains/XcodeDefault.xctoolchain/usr/bin/../lib/clang/5.0/lib/darwin/libclang_rt.osx.a ]
    arg [/Applications/Xcode.app/Contents/Developer/Toolchains/XcodeDefault.xctoolchain/usr/bin/ld] ==> ignore
    arg [-demangle] ==> ignore
    arg [-dynamic] ==> ignore
    arg [-arch] ==> ignore
    arg [x86_64] ==> ignore
    arg [-macosx_version_min] ==> ignore
    arg [10.9.0] ==> ignore
    arg [-syslibroot] ==> ignore
    arg [/Applications/Xcode.app/Contents/Developer/Platforms/MacOSX.platform/Developer/SDKs/MacOSX10.9.sdk] ==> ignore
    arg [-o] ==> ignore
    arg [/Users/sfszh/dev/Horde3D_SDK/CMakeFiles/CMakeTmp/Debug/cmTryCompileExec2275795560] ==> ignore
    arg [-filelist] ==> ignore
    arg [/Users/sfszh/dev/Horde3D_SDK/CMakeFiles/CMakeTmp/CMAKE_TRY_COMPILE.build/Debug/cmTryCompileExec2275795560.build/Objects-normal/x86_64/cmTryCompileExec2275795560.LinkFileList] ==> ignore
    arg [-v] ==> ignore
    arg [-search_paths_first] ==> ignore
    arg [-headerpad_max_install_names] ==> ignore
    arg [-dependency_info] ==> ignore
    arg [/Users/sfszh/dev/Horde3D_SDK/CMakeFiles/CMakeTmp/CMAKE_TRY_COMPILE.build/Debug/cmTryCompileExec2275795560.build/Objects-normal/x86_64/cmTryCompileExec2275795560_dependency_info.dat] ==> ignore
    arg [-lSystem] ==> lib [System]
    arg [/Applications/Xcode.app/Contents/Developer/Toolchains/XcodeDefault.xctoolchain/usr/bin/../lib/clang/5.0/lib/darwin/libclang_rt.osx.a] ==> lib [/Applications/Xcode.app/Contents/Developer/Toolchains/XcodeDefault.xctoolchain/usr/bin/../lib/clang/5.0/lib/darwin/libclang_rt.osx.a]
  Library search paths: [;/Users/sfszh/dev/Horde3D_SDK/CMakeFiles/CMakeTmp/Debug;/Applications/Xcode.app/Contents/Developer/Platforms/MacOSX.platform/Developer/SDKs/MacOSX10.9.sdk/usr/lib]
  Framework search paths: [;/Users/sfszh/dev/Horde3D_SDK/CMakeFiles/CMakeTmp/Debug;/Applications/Xcode.app/Contents/Developer/Platforms/MacOSX.platform/Developer/SDKs/MacOSX10.9.sdk/System/Library/Frameworks/]
  remove lib [System]
  collapse lib [/Applications/Xcode.app/Contents/Developer/Toolchains/XcodeDefault.xctoolchain/usr/bin/../lib/clang/5.0/lib/darwin/libclang_rt.osx.a] ==> [/Applications/Xcode.app/Contents/Developer/Toolchains/XcodeDefault.xctoolchain/usr/lib/clang/5.0/lib/darwin/libclang_rt.osx.a]
  collapse library dir [/Users/sfszh/dev/Horde3D_SDK/CMakeFiles/CMakeTmp/Debug] ==> [/Users/sfszh/dev/Horde3D_SDK/CMakeFiles/CMakeTmp/Debug], skipping non-system directory
  collapse library dir [/Applications/Xcode.app/Contents/Developer/Platforms/MacOSX.platform/Developer/SDKs/MacOSX10.9.sdk/usr/lib] ==> [/Applications/Xcode.app/Contents/Developer/Platforms/MacOSX.platform/Developer/SDKs/MacOSX10.9.sdk/usr/lib]
  collapse framework dir [/Users/sfszh/dev/Horde3D_SDK/CMakeFiles/CMakeTmp/Debug] ==> [/Users/sfszh/dev/Horde3D_SDK/CMakeFiles/CMakeTmp/Debug], skipping non-system directory
  collapse framework dir [/Applications/Xcode.app/Contents/Developer/Platforms/MacOSX.platform/Developer/SDKs/MacOSX10.9.sdk/System/Library/Frameworks/] ==> [/Applications/Xcode.app/Contents/Developer/Platforms/MacOSX.platform/Developer/SDKs/MacOSX10.9.sdk/System/Library/Frameworks]
  implicit libs: [/Applications/Xcode.app/Contents/Developer/Toolchains/XcodeDefault.xctoolchain/usr/lib/clang/5.0/lib/darwin/libclang_rt.osx.a]
  implicit dirs: [/Applications/Xcode.app/Contents/Developer/Platforms/MacOSX.platform/Developer/SDKs/MacOSX10.9.sdk/usr/lib]
  implicit fwks: [/Applications/Xcode.app/Contents/Developer/Platforms/MacOSX.platform/Developer/SDKs/MacOSX10.9.sdk/System/Library/Frameworks]


Determining if the CXX compiler works passed with the following output:
Change Dir: /Users/sfszh/dev/Horde3D_SDK/CMakeFiles/CMakeTmp

Run Build Command:/Applications/CMake\ 2.8-12.app/Contents/bin/cmakexbuild -project CMAKE_TRY_COMPILE.xcodeproj build -target cmTryCompileExec3651931396 -configuration Debug
=== BUILD TARGET cmTryCompileExec3651931396 OF PROJECT CMAKE_TRY_COMPILE WITH CONFIGURATION Debug ===

Check dependencies

CompileC CMAKE_TRY_COMPILE.build/Debug/cmTryCompileExec3651931396.build/Objects-normal/x86_64/testCXXCompiler.o testCXXCompiler.cxx normal x86_64 c++ com.apple.compilers.llvm.clang.1_0.compiler
    cd /Users/sfszh/dev/Horde3D_SDK/CMakeFiles/CMakeTmp
    /Applications/Xcode.app/Contents/Developer/Toolchains/XcodeDefault.xctoolchain/usr/bin/clang -x c++ -arch x86_64 -fmessage-length=0 -fdiagnostics-show-note-include-stack -fmacro-backtrace-limit=0 -Wno-trigraphs -fpascal-strings -O0 -Wno-missing-field-initializers -Wno-missing-prototypes -Wno-return-type -Wno-non-virtual-dtor -Wno-overloaded-virtual -Wno-exit-time-destructors -Wno-missing-braces -Wparentheses -Wswitch -Wno-unused-function -Wno-unused-label -Wno-unused-parameter -Wno-unused-variable -Wunused-value -Wno-empty-body -Wno-uninitialized -Wno-unknown-pragmas -Wno-shadow -Wno-four-char-constants -Wno-conversion -Wno-constant-conversion -Wno-int-conversion -Wno-bool-conversion -Wno-enum-conversion -Wno-shorten-64-to-32 -Wno-newline-eof -Wno-c++11-extensions -DCMAKE_INTDIR=\"Debug\" -isysroot /Applications/Xcode.app/Contents/Developer/Platforms/MacOSX.platform/Developer/SDKs/MacOSX10.9.sdk -fasm-blocks -fstrict-aliasing -Wdeprecated-declarations -Winvalid-offsetof -mmacosx-version-min=10.9 -Wno-sign-conversion -I/Users/sfszh/dev/Horde3D_SDK/CMakeFiles/CMakeTmp/Debug/include -I/Applications/Xcode.app/Contents/Developer/Toolchains/XcodeDefault.xctoolchain/usr/include -I/Users/sfszh/dev/Horde3D_SDK/CMakeFiles/CMakeTmp/CMAKE_TRY_COMPILE.build/Debug/cmTryCompileExec3651931396.build/DerivedSources/x86_64 -I/Users/sfszh/dev/Horde3D_SDK/CMakeFiles/CMakeTmp/CMAKE_TRY_COMPILE.build/Debug/cmTryCompileExec3651931396.build/DerivedSources -Wmost -Wno-four-char-constants -Wno-unknown-pragmas -F/Users/sfszh/dev/Horde3D_SDK/CMakeFiles/CMakeTmp/Debug -g -MMD -MT dependencies -MF /Users/sfszh/dev/Horde3D_SDK/CMakeFiles/CMakeTmp/CMAKE_TRY_COMPILE.build/Debug/cmTryCompileExec3651931396.build/Objects-normal/x86_64/testCXXCompiler.d --serialize-diagnostics /Users/sfszh/dev/Horde3D_SDK/CMakeFiles/CMakeTmp/CMAKE_TRY_COMPILE.build/Debug/cmTryCompileExec3651931396.build/Objects-normal/x86_64/testCXXCompiler.dia -c /Users/sfszh/dev/Horde3D_SDK/CMakeFiles/CMakeTmp/testCXXCompiler.cxx -o /Users/sfszh/dev/Horde3D_SDK/CMakeFiles/CMakeTmp/CMAKE_TRY_COMPILE.build/Debug/cmTryCompileExec3651931396.build/Objects-normal/x86_64/testCXXCompiler.o

Ld Debug/cmTryCompileExec3651931396 normal x86_64
    cd /Users/sfszh/dev/Horde3D_SDK/CMakeFiles/CMakeTmp
    /Applications/Xcode.app/Contents/Developer/Toolchains/XcodeDefault.xctoolchain/usr/bin/clang++ -arch x86_64 -isysroot /Applications/Xcode.app/Contents/Developer/Platforms/MacOSX.platform/Developer/SDKs/MacOSX10.9.sdk -L/Users/sfszh/dev/Horde3D_SDK/CMakeFiles/CMakeTmp/Debug -F/Users/sfszh/dev/Horde3D_SDK/CMakeFiles/CMakeTmp/Debug -filelist /Users/sfszh/dev/Horde3D_SDK/CMakeFiles/CMakeTmp/CMAKE_TRY_COMPILE.build/Debug/cmTryCompileExec3651931396.build/Objects-normal/x86_64/cmTryCompileExec3651931396.LinkFileList -mmacosx-version-min=10.9 -Wl,-search_paths_first -Wl,-headerpad_max_install_names -Xlinker -dependency_info -Xlinker /Users/sfszh/dev/Horde3D_SDK/CMakeFiles/CMakeTmp/CMAKE_TRY_COMPILE.build/Debug/cmTryCompileExec3651931396.build/Objects-normal/x86_64/cmTryCompileExec3651931396_dependency_info.dat -o /Users/sfszh/dev/Horde3D_SDK/CMakeFiles/CMakeTmp/Debug/cmTryCompileExec3651931396

** BUILD SUCCEEDED **



Detecting CXX compiler ABI info compiled with the following output:
Change Dir: /Users/sfszh/dev/Horde3D_SDK/CMakeFiles/CMakeTmp

Run Build Command:/Applications/CMake\ 2.8-12.app/Contents/bin/cmakexbuild -project CMAKE_TRY_COMPILE.xcodeproj build -target cmTryCompileExec1353485547 -configuration Debug
=== BUILD TARGET cmTryCompileExec1353485547 OF PROJECT CMAKE_TRY_COMPILE WITH CONFIGURATION Debug ===

Check dependencies

CompileC CMAKE_TRY_COMPILE.build/Debug/cmTryCompileExec1353485547.build/Objects-normal/x86_64/CMakeCXXCompilerABI.o /Applications/CMake\ 2.8-12.app/Contents/share/cmake-2.8/Modules/CMakeCXXCompilerABI.cpp normal x86_64 c++ com.apple.compilers.llvm.clang.1_0.compiler
    cd /Users/sfszh/dev/Horde3D_SDK/CMakeFiles/CMakeTmp
    /Applications/Xcode.app/Contents/Developer/Toolchains/XcodeDefault.xctoolchain/usr/bin/clang -x c++ -arch x86_64 -fmessage-length=0 -fdiagnostics-show-note-include-stack -fmacro-backtrace-limit=0 -Wno-trigraphs -fpascal-strings -O0 -Wno-missing-field-initializers -Wno-missing-prototypes -Wno-return-type -Wno-non-virtual-dtor -Wno-overloaded-virtual -Wno-exit-time-destructors -Wno-missing-braces -Wparentheses -Wswitch -Wno-unused-function -Wno-unused-label -Wno-unused-parameter -Wno-unused-variable -Wunused-value -Wno-empty-body -Wno-uninitialized -Wno-unknown-pragmas -Wno-shadow -Wno-four-char-constants -Wno-conversion -Wno-constant-conversion -Wno-int-conversion -Wno-bool-conversion -Wno-enum-conversion -Wno-shorten-64-to-32 -Wno-newline-eof -Wno-c++11-extensions -DCMAKE_INTDIR=\"Debug\" -isysroot /Applications/Xcode.app/Contents/Developer/Platforms/MacOSX.platform/Developer/SDKs/MacOSX10.9.sdk -fasm-blocks -fstrict-aliasing -Wdeprecated-declarations -Winvalid-offsetof -mmacosx-version-min=10.9 -Wno-sign-conversion -I/Users/sfszh/dev/Horde3D_SDK/CMakeFiles/CMakeTmp/Debug/include -I/Applications/Xcode.app/Contents/Developer/Toolchains/XcodeDefault.xctoolchain/usr/include -I/Users/sfszh/dev/Horde3D_SDK/CMakeFiles/CMakeTmp/CMAKE_TRY_COMPILE.build/Debug/cmTryCompileExec1353485547.build/DerivedSources/x86_64 -I/Users/sfszh/dev/Horde3D_SDK/CMakeFiles/CMakeTmp/CMAKE_TRY_COMPILE.build/Debug/cmTryCompileExec1353485547.build/DerivedSources -Wmost -Wno-four-char-constants -Wno-unknown-pragmas -F/Users/sfszh/dev/Horde3D_SDK/CMakeFiles/CMakeTmp/Debug -g -MMD -MT dependencies -MF /Users/sfszh/dev/Horde3D_SDK/CMakeFiles/CMakeTmp/CMAKE_TRY_COMPILE.build/Debug/cmTryCompileExec1353485547.build/Objects-normal/x86_64/CMakeCXXCompilerABI.d --serialize-diagnostics /Users/sfszh/dev/Horde3D_SDK/CMakeFiles/CMakeTmp/CMAKE_TRY_COMPILE.build/Debug/cmTryCompileExec1353485547.build/Objects-normal/x86_64/CMakeCXXCompilerABI.dia -c /Applications/CMake\ 2.8-12.app/Contents/share/cmake-2.8/Modules/CMakeCXXCompilerABI.cpp -o /Users/sfszh/dev/Horde3D_SDK/CMakeFiles/CMakeTmp/CMAKE_TRY_COMPILE.build/Debug/cmTryCompileExec1353485547.build/Objects-normal/x86_64/CMakeCXXCompilerABI.o

Ld Debug/cmTryCompileExec1353485547 normal x86_64
    cd /Users/sfszh/dev/Horde3D_SDK/CMakeFiles/CMakeTmp
    /Applications/Xcode.app/Contents/Developer/Toolchains/XcodeDefault.xctoolchain/usr/bin/clang++ -arch x86_64 -isysroot /Applications/Xcode.app/Contents/Developer/Platforms/MacOSX.platform/Developer/SDKs/MacOSX10.9.sdk -L/Users/sfszh/dev/Horde3D_SDK/CMakeFiles/CMakeTmp/Debug -F/Users/sfszh/dev/Horde3D_SDK/CMakeFiles/CMakeTmp/Debug -filelist /Users/sfszh/dev/Horde3D_SDK/CMakeFiles/CMakeTmp/CMAKE_TRY_COMPILE.build/Debug/cmTryCompileExec1353485547.build/Objects-normal/x86_64/cmTryCompileExec1353485547.LinkFileList -mmacosx-version-min=10.9 -v -Wl,-v -Wl,-search_paths_first -Wl,-headerpad_max_install_names -Xlinker -dependency_info -Xlinker /Users/sfszh/dev/Horde3D_SDK/CMakeFiles/CMakeTmp/CMAKE_TRY_COMPILE.build/Debug/cmTryCompileExec1353485547.build/Objects-normal/x86_64/cmTryCompileExec1353485547_dependency_info.dat -o /Users/sfszh/dev/Horde3D_SDK/CMakeFiles/CMakeTmp/Debug/cmTryCompileExec1353485547
Apple LLVM version 5.0 (clang-500.2.79) (based on LLVM 3.3svn)
Target: x86_64-apple-darwin13.0.0
Thread model: posix
 "/Applications/Xcode.app/Contents/Developer/Toolchains/XcodeDefault.xctoolchain/usr/bin/ld" -demangle -dynamic -arch x86_64 -macosx_version_min 10.9.0 -syslibroot /Applications/Xcode.app/Contents/Developer/Platforms/MacOSX.platform/Developer/SDKs/MacOSX10.9.sdk -o /Users/sfszh/dev/Horde3D_SDK/CMakeFiles/CMakeTmp/Debug/cmTryCompileExec1353485547 -L/Users/sfszh/dev/Horde3D_SDK/CMakeFiles/CMakeTmp/Debug -filelist /Users/sfszh/dev/Horde3D_SDK/CMakeFiles/CMakeTmp/CMAKE_TRY_COMPILE.build/Debug/cmTryCompileExec1353485547.build/Objects-normal/x86_64/cmTryCompileExec1353485547.LinkFileList -v -search_paths_first -headerpad_max_install_names -dependency_info /Users/sfszh/dev/Horde3D_SDK/CMakeFiles/CMakeTmp/CMAKE_TRY_COMPILE.build/Debug/cmTryCompileExec1353485547.build/Objects-normal/x86_64/cmTryCompileExec1353485547_dependency_info.dat -lc++ -lSystem /Applications/Xcode.app/Contents/Developer/Toolchains/XcodeDefault.xctoolchain/usr/bin/../lib/clang/5.0/lib/darwin/libclang_rt.osx.a -F/Users/sfszh/dev/Horde3D_SDK/CMakeFiles/CMakeTmp/Debug
@(#)PROGRAM:ld  PROJECT:ld64-224.1
configured to support archs: armv6 armv7 armv7s arm64 i386 x86_64 armv6m armv7m armv7em
Library search paths:
	/Users/sfszh/dev/Horde3D_SDK/CMakeFiles/CMakeTmp/Debug
	/Applications/Xcode.app/Contents/Developer/Platforms/MacOSX.platform/Developer/SDKs/MacOSX10.9.sdk/usr/lib
Framework search paths:
	/Users/sfszh/dev/Horde3D_SDK/CMakeFiles/CMakeTmp/Debug
	/Applications/Xcode.app/Contents/Developer/Platforms/MacOSX.platform/Developer/SDKs/MacOSX10.9.sdk/System/Library/Frameworks/

** BUILD SUCCEEDED **



Parsed CXX implicit link information from above output:
  link line regex: [^( *|.*[/\])(ld|([^/\]+-)?ld|collect2)[^/\]*( |$)]
  ignore line: [Change Dir: /Users/sfszh/dev/Horde3D_SDK/CMakeFiles/CMakeTmp]
  ignore line: []
  ignore line: [Run Build Command:/Applications/CMake\ 2.8-12.app/Contents/bin/cmakexbuild -project CMAKE_TRY_COMPILE.xcodeproj build -target cmTryCompileExec1353485547 -configuration Debug]
  ignore line: [=== BUILD TARGET cmTryCompileExec1353485547 OF PROJECT CMAKE_TRY_COMPILE WITH CONFIGURATION Debug ===]
  ignore line: []
  ignore line: [Check dependencies]
  ignore line: []
  ignore line: [CompileC CMAKE_TRY_COMPILE.build/Debug/cmTryCompileExec1353485547.build/Objects-normal/x86_64/CMakeCXXCompilerABI.o /Applications/CMake\ 2.8-12.app/Contents/share/cmake-2.8/Modules/CMakeCXXCompilerABI.cpp normal x86_64 c++ com.apple.compilers.llvm.clang.1_0.compiler]
  ignore line: [    cd /Users/sfszh/dev/Horde3D_SDK/CMakeFiles/CMakeTmp]
  ignore line: [    /Applications/Xcode.app/Contents/Developer/Toolchains/XcodeDefault.xctoolchain/usr/bin/clang -x c++ -arch x86_64 -fmessage-length=0 -fdiagnostics-show-note-include-stack -fmacro-backtrace-limit=0 -Wno-trigraphs -fpascal-strings -O0 -Wno-missing-field-initializers -Wno-missing-prototypes -Wno-return-type -Wno-non-virtual-dtor -Wno-overloaded-virtual -Wno-exit-time-destructors -Wno-missing-braces -Wparentheses -Wswitch -Wno-unused-function -Wno-unused-label -Wno-unused-parameter -Wno-unused-variable -Wunused-value -Wno-empty-body -Wno-uninitialized -Wno-unknown-pragmas -Wno-shadow -Wno-four-char-constants -Wno-conversion -Wno-constant-conversion -Wno-int-conversion -Wno-bool-conversion -Wno-enum-conversion -Wno-shorten-64-to-32 -Wno-newline-eof -Wno-c++11-extensions -DCMAKE_INTDIR=\"Debug\" -isysroot /Applications/Xcode.app/Contents/Developer/Platforms/MacOSX.platform/Developer/SDKs/MacOSX10.9.sdk -fasm-blocks -fstrict-aliasing -Wdeprecated-declarations -Winvalid-offsetof -mmacosx-version-min=10.9 -Wno-sign-conversion -I/Users/sfszh/dev/Horde3D_SDK/CMakeFiles/CMakeTmp/Debug/include -I/Applications/Xcode.app/Contents/Developer/Toolchains/XcodeDefault.xctoolchain/usr/include -I/Users/sfszh/dev/Horde3D_SDK/CMakeFiles/CMakeTmp/CMAKE_TRY_COMPILE.build/Debug/cmTryCompileExec1353485547.build/DerivedSources/x86_64 -I/Users/sfszh/dev/Horde3D_SDK/CMakeFiles/CMakeTmp/CMAKE_TRY_COMPILE.build/Debug/cmTryCompileExec1353485547.build/DerivedSources -Wmost -Wno-four-char-constants -Wno-unknown-pragmas -F/Users/sfszh/dev/Horde3D_SDK/CMakeFiles/CMakeTmp/Debug -g -MMD -MT dependencies -MF /Users/sfszh/dev/Horde3D_SDK/CMakeFiles/CMakeTmp/CMAKE_TRY_COMPILE.build/Debug/cmTryCompileExec1353485547.build/Objects-normal/x86_64/CMakeCXXCompilerABI.d --serialize-diagnostics /Users/sfszh/dev/Horde3D_SDK/CMakeFiles/CMakeTmp/CMAKE_TRY_COMPILE.build/Debug/cmTryCompileExec1353485547.build/Objects-normal/x86_64/CMakeCXXCompilerABI.dia -c /Applications/CMake\ 2.8-12.app/Contents/share/cmake-2.8/Modules/CMakeCXXCompilerABI.cpp -o /Users/sfszh/dev/Horde3D_SDK/CMakeFiles/CMakeTmp/CMAKE_TRY_COMPILE.build/Debug/cmTryCompileExec1353485547.build/Objects-normal/x86_64/CMakeCXXCompilerABI.o]
  ignore line: []
  ignore line: [Ld Debug/cmTryCompileExec1353485547 normal x86_64]
  ignore line: [    cd /Users/sfszh/dev/Horde3D_SDK/CMakeFiles/CMakeTmp]
  ignore line: [    /Applications/Xcode.app/Contents/Developer/Toolchains/XcodeDefault.xctoolchain/usr/bin/clang++ -arch x86_64 -isysroot /Applications/Xcode.app/Contents/Developer/Platforms/MacOSX.platform/Developer/SDKs/MacOSX10.9.sdk -L/Users/sfszh/dev/Horde3D_SDK/CMakeFiles/CMakeTmp/Debug -F/Users/sfszh/dev/Horde3D_SDK/CMakeFiles/CMakeTmp/Debug -filelist /Users/sfszh/dev/Horde3D_SDK/CMakeFiles/CMakeTmp/CMAKE_TRY_COMPILE.build/Debug/cmTryCompileExec1353485547.build/Objects-normal/x86_64/cmTryCompileExec1353485547.LinkFileList -mmacosx-version-min=10.9 -v -Wl,-v -Wl,-search_paths_first -Wl,-headerpad_max_install_names -Xlinker -dependency_info -Xlinker /Users/sfszh/dev/Horde3D_SDK/CMakeFiles/CMakeTmp/CMAKE_TRY_COMPILE.build/Debug/cmTryCompileExec1353485547.build/Objects-normal/x86_64/cmTryCompileExec1353485547_dependency_info.dat -o /Users/sfszh/dev/Horde3D_SDK/CMakeFiles/CMakeTmp/Debug/cmTryCompileExec1353485547]
  ignore line: [Apple LLVM version 5.0 (clang-500.2.79) (based on LLVM 3.3svn)]
  ignore line: [Target: x86_64-apple-darwin13.0.0]
  ignore line: [Thread model: posix]
  reduced line: [ "/Applications/Xcode.app/Contents/Developer/Toolchains/XcodeDefault.xctoolchain/usr/bin/ld" -demangle -dynamic -arch x86_64 -macosx_version_min 10.9.0 -syslibroot /Applications/Xcode.app/Contents/Developer/Platforms/MacOSX.platform/Developer/SDKs/MacOSX10.9.sdk -o /Users/sfszh/dev/Horde3D_SDK/CMakeFiles/CMakeTmp/Debug/cmTryCompileExec1353485547 -L/Users/sfszh/dev/Horde3D_SDK/CMakeFiles/CMakeTmp/Debug -filelist /Users/sfszh/dev/Horde3D_SDK/CMakeFiles/CMakeTmp/CMAKE_TRY_COMPILE.build/Debug/cmTryCompileExec1353485547.build/Objects-normal/x86_64/cmTryCompileExec1353485547.LinkFileList -v -search_paths_first -headerpad_max_install_names -dependency_info /Users/sfszh/dev/Horde3D_SDK/CMakeFiles/CMakeTmp/CMAKE_TRY_COMPILE.build/Debug/cmTryCompileExec1353485547.build/Objects-normal/x86_64/cmTryCompileExec1353485547_dependency_info.dat -lc++ -lSystem /Applications/Xcode.app/Contents/Developer/Toolchains/XcodeDefault.xctoolchain/usr/bin/../lib/clang/5.0/lib/darwin/libclang_rt.osx.a -F/Users/sfszh/dev/Horde3D_SDK/CMakeFiles/CMakeTmp/Debug]
            to: [ "/Applications/Xcode.app/Contents/Developer/Toolchains/XcodeDefault.xctoolchain/usr/bin/ld" -demangle -dynamic -arch x86_64 -macosx_version_min 10.9.0 -syslibroot /Applications/Xcode.app/Contents/Developer/Platforms/MacOSX.platform/Developer/SDKs/MacOSX10.9.sdk -o /Users/sfszh/dev/Horde3D_SDK/CMakeFiles/CMakeTmp/Debug/cmTryCompileExec1353485547 -filelist /Users/sfszh/dev/Horde3D_SDK/CMakeFiles/CMakeTmp/CMAKE_TRY_COMPILE.build/Debug/cmTryCompileExec1353485547.build/Objects-normal/x86_64/cmTryCompileExec1353485547.LinkFileList -v -search_paths_first -headerpad_max_install_names -dependency_info /Users/sfszh/dev/Horde3D_SDK/CMakeFiles/CMakeTmp/CMAKE_TRY_COMPILE.build/Debug/cmTryCompileExec1353485547.build/Objects-normal/x86_64/cmTryCompileExec1353485547_dependency_info.dat -lc++ -lSystem /Applications/Xcode.app/Contents/Developer/Toolchains/XcodeDefault.xctoolchain/usr/bin/../lib/clang/5.0/lib/darwin/libclang_rt.osx.a ]
  link line: [ "/Applications/Xcode.app/Contents/Developer/Toolchains/XcodeDefault.xctoolchain/usr/bin/ld" -demangle -dynamic -arch x86_64 -macosx_version_min 10.9.0 -syslibroot /Applications/Xcode.app/Contents/Developer/Platforms/MacOSX.platform/Developer/SDKs/MacOSX10.9.sdk -o /Users/sfszh/dev/Horde3D_SDK/CMakeFiles/CMakeTmp/Debug/cmTryCompileExec1353485547 -filelist /Users/sfszh/dev/Horde3D_SDK/CMakeFiles/CMakeTmp/CMAKE_TRY_COMPILE.build/Debug/cmTryCompileExec1353485547.build/Objects-normal/x86_64/cmTryCompileExec1353485547.LinkFileList -v -search_paths_first -headerpad_max_install_names -dependency_info /Users/sfszh/dev/Horde3D_SDK/CMakeFiles/CMakeTmp/CMAKE_TRY_COMPILE.build/Debug/cmTryCompileExec1353485547.build/Objects-normal/x86_64/cmTryCompileExec1353485547_dependency_info.dat -lc++ -lSystem /Applications/Xcode.app/Contents/Developer/Toolchains/XcodeDefault.xctoolchain/usr/bin/../lib/clang/5.0/lib/darwin/libclang_rt.osx.a ]
    arg [/Applications/Xcode.app/Contents/Developer/Toolchains/XcodeDefault.xctoolchain/usr/bin/ld] ==> ignore
    arg [-demangle] ==> ignore
    arg [-dynamic] ==> ignore
    arg [-arch] ==> ignore
    arg [x86_64] ==> ignore
    arg [-macosx_version_min] ==> ignore
    arg [10.9.0] ==> ignore
    arg [-syslibroot] ==> ignore
    arg [/Applications/Xcode.app/Contents/Developer/Platforms/MacOSX.platform/Developer/SDKs/MacOSX10.9.sdk] ==> ignore
    arg [-o] ==> ignore
    arg [/Users/sfszh/dev/Horde3D_SDK/CMakeFiles/CMakeTmp/Debug/cmTryCompileExec1353485547] ==> ignore
    arg [-filelist] ==> ignore
    arg [/Users/sfszh/dev/Horde3D_SDK/CMakeFiles/CMakeTmp/CMAKE_TRY_COMPILE.build/Debug/cmTryCompileExec1353485547.build/Objects-normal/x86_64/cmTryCompileExec1353485547.LinkFileList] ==> ignore
    arg [-v] ==> ignore
    arg [-search_paths_first] ==> ignore
    arg [-headerpad_max_install_names] ==> ignore
    arg [-dependency_info] ==> ignore
    arg [/Users/sfszh/dev/Horde3D_SDK/CMakeFiles/CMakeTmp/CMAKE_TRY_COMPILE.build/Debug/cmTryCompileExec1353485547.build/Objects-normal/x86_64/cmTryCompileExec1353485547_dependency_info.dat] ==> ignore
    arg [-lc++] ==> lib [c++]
    arg [-lSystem] ==> lib [System]
    arg [/Applications/Xcode.app/Contents/Developer/Toolchains/XcodeDefault.xctoolchain/usr/bin/../lib/clang/5.0/lib/darwin/libclang_rt.osx.a] ==> lib [/Applications/Xcode.app/Contents/Developer/Toolchains/XcodeDefault.xctoolchain/usr/bin/../lib/clang/5.0/lib/darwin/libclang_rt.osx.a]
  Library search paths: [;/Users/sfszh/dev/Horde3D_SDK/CMakeFiles/CMakeTmp/Debug;/Applications/Xcode.app/Contents/Developer/Platforms/MacOSX.platform/Developer/SDKs/MacOSX10.9.sdk/usr/lib]
  Framework search paths: [;/Users/sfszh/dev/Horde3D_SDK/CMakeFiles/CMakeTmp/Debug;/Applications/Xcode.app/Contents/Developer/Platforms/MacOSX.platform/Developer/SDKs/MacOSX10.9.sdk/System/Library/Frameworks/]
  remove lib [System]
  collapse lib [/Applications/Xcode.app/Contents/Developer/Toolchains/XcodeDefault.xctoolchain/usr/bin/../lib/clang/5.0/lib/darwin/libclang_rt.osx.a] ==> [/Applications/Xcode.app/Contents/Developer/Toolchains/XcodeDefault.xctoolchain/usr/lib/clang/5.0/lib/darwin/libclang_rt.osx.a]
  collapse library dir [/Users/sfszh/dev/Horde3D_SDK/CMakeFiles/CMakeTmp/Debug] ==> [/Users/sfszh/dev/Horde3D_SDK/CMakeFiles/CMakeTmp/Debug], skipping non-system directory
  collapse library dir [/Applications/Xcode.app/Contents/Developer/Platforms/MacOSX.platform/Developer/SDKs/MacOSX10.9.sdk/usr/lib] ==> [/Applications/Xcode.app/Contents/Developer/Platforms/MacOSX.platform/Developer/SDKs/MacOSX10.9.sdk/usr/lib]
  collapse framework dir [/Users/sfszh/dev/Horde3D_SDK/CMakeFiles/CMakeTmp/Debug] ==> [/Users/sfszh/dev/Horde3D_SDK/CMakeFiles/CMakeTmp/Debug], skipping non-system directory
  collapse framework dir [/Applications/Xcode.app/Contents/Developer/Platforms/MacOSX.platform/Developer/SDKs/MacOSX10.9.sdk/System/Library/Frameworks/] ==> [/Applications/Xcode.app/Contents/Developer/Platforms/MacOSX.platform/Developer/SDKs/MacOSX10.9.sdk/System/Library/Frameworks]
  implicit libs: [c++;/Applications/Xcode.app/Contents/Developer/Toolchains/XcodeDefault.xctoolchain/usr/lib/clang/5.0/lib/darwin/libclang_rt.osx.a]
  implicit dirs: [/Applications/Xcode.app/Contents/Developer/Platforms/MacOSX.platform/Developer/SDKs/MacOSX10.9.sdk/usr/lib]
  implicit fwks: [/Applications/Xcode.app/Contents/Developer/Platforms/MacOSX.platform/Developer/SDKs/MacOSX10.9.sdk/System/Library/Frameworks]


